\BOOKMARK [1][-]{section.1}{\376\377\000G\000r\000a\000f\000\040\000n\000i\000e\000s\000k\000i\000e\000r\000o\000w\000a\000n\000y\000\040\000z\000\040\000w\000a\000g\000a\000m\000i}{}% 1
\BOOKMARK [2][-]{subsection.1.1}{\376\377\000O\000p\000i\000s\000\040\000p\000r\000o\000g\000r\000a\000m\000u}{section.1}% 2
\BOOKMARK [2][-]{subsection.1.2}{\376\377\000A\000u\000t\000o\000r}{section.1}% 3
\BOOKMARK [1][-]{section.2}{\376\377\000I\000n\000d\000e\000k\000s\000\040\000k\000l\000a\000s}{}% 4
\BOOKMARK [2][-]{subsection.2.1}{\376\377\000L\000i\000s\000t\000a\000\040\000k\000l\000a\000s}{section.2}% 5
\BOOKMARK [1][-]{section.3}{\376\377\000I\000n\000d\000e\000k\000s\000\040\000p\000l\000i\000k\000\363\000w}{}% 6
\BOOKMARK [2][-]{subsection.3.1}{\376\377\000L\000i\000s\000t\000a\000\040\000p\000l\000i\000k\000\363\000w}{section.3}% 7
\BOOKMARK [1][-]{section.4}{\376\377\000D\000o\000k\000u\000m\000e\000n\000t\000a\000c\000j\000a\000\040\000k\000l\000a\000s}{}% 8
\BOOKMARK [2][-]{subsection.4.1}{\376\377\000D\000o\000k\000u\000m\000e\000n\000t\000a\000c\000j\000a\000\040\000k\000l\000a\000s\000y\000\040\000B\000e\000n\000c\000h\000m\000a\000r\000k}{section.4}% 9
\BOOKMARK [3][-]{subsubsection.4.1.1}{\376\377\000O\000p\000i\000s\000\040\000s\000z\000c\000z\000e\000g\000\363\001\102\000o\000w\000y}{subsection.4.1}% 10
\BOOKMARK [3][-]{subsubsection.4.1.2}{\376\377\000D\000o\000k\000u\000m\000e\000n\000t\000a\000c\000j\000a\000\040\000f\000u\000n\000k\000c\000j\000i\000\040\000s\000k\001\102\000a\000d\000o\000w\000y\000c\000h}{subsection.4.1}% 11
\BOOKMARK [3][-]{subsubsection.4.1.3}{\376\377\000D\000o\000k\000u\000m\000e\000n\000t\000a\000c\000j\000a\000\040\000a\000t\000r\000y\000b\000u\000t\000\363\000w\000\040\000s\000k\001\102\000a\000d\000o\000w\000y\000c\000h}{subsection.4.1}% 12
\BOOKMARK [2][-]{subsection.4.2}{\376\377\000D\000o\000k\000u\000m\000e\000n\000t\000a\000c\000j\000a\000\040\000s\000t\000r\000u\000k\000t\000u\000r\000y\000\040\000G\000r\000a\000p\000h\000<\000\040\000T\000y\000p\000e\000\040\000>\000:\000:\000E\000d\000g\000e}{section.4}% 13
\BOOKMARK [3][-]{subsubsection.4.2.1}{\376\377\000D\000o\000k\000u\000m\000e\000n\000t\000a\000c\000j\000a\000\040\000k\000o\000n\000s\000t\000r\000u\000k\000t\000o\000r\000a\000\040\000i\000\040\000d\000e\000s\000t\000r\000u\000k\000t\000o\000r\000a}{subsection.4.2}% 14
\BOOKMARK [3][-]{subsubsection.4.2.2}{\376\377\000D\000o\000k\000u\000m\000e\000n\000t\000a\000c\000j\000a\000\040\000a\000t\000r\000y\000b\000u\000t\000\363\000w\000\040\000s\000k\001\102\000a\000d\000o\000w\000y\000c\000h}{subsection.4.2}% 15
\BOOKMARK [2][-]{subsection.4.3}{\376\377\000D\000o\000k\000u\000m\000e\000n\000t\000a\000c\000j\000a\000\040\000s\000z\000a\000b\000l\000o\000n\000u\000\040\000k\000l\000a\000s\000y\000\040\000G\000r\000a\000p\000h\000<\000\040\000T\000y\000p\000e\000\040\000>}{section.4}% 16
\BOOKMARK [3][-]{subsubsection.4.3.1}{\376\377\000O\000p\000i\000s\000\040\000s\000z\000c\000z\000e\000g\000\363\001\102\000o\000w\000y}{subsection.4.3}% 17
\BOOKMARK [3][-]{subsubsection.4.3.2}{\376\377\000D\000o\000k\000u\000m\000e\000n\000t\000a\000c\000j\000a\000\040\000s\000k\001\102\000a\000d\000o\000w\000y\000c\000h\000\040\000d\000e\000f\000i\000n\000i\000c\000j\000i\000\040\000t\000y\000p\000u}{subsection.4.3}% 18
\BOOKMARK [3][-]{subsubsection.4.3.3}{\376\377\000D\000o\000k\000u\000m\000e\000n\000t\000a\000c\000j\000a\000\040\000f\000u\000n\000k\000c\000j\000i\000\040\000s\000k\001\102\000a\000d\000o\000w\000y\000c\000h}{subsection.4.3}% 19
\BOOKMARK [3][-]{subsubsection.4.3.4}{\376\377\000D\000o\000k\000u\000m\000e\000n\000t\000a\000c\000j\000a\000\040\000a\000t\000r\000y\000b\000u\000t\000\363\000w\000\040\000s\000k\001\102\000a\000d\000o\000w\000y\000c\000h}{subsection.4.3}% 20
\BOOKMARK [2][-]{subsection.4.4}{\376\377\000D\000o\000k\000u\000m\000e\000n\000t\000a\000c\000j\000a\000\040\000s\000t\000r\000u\000k\000t\000u\000r\000y\000\040\000L\000e\000s\000s\000F}{section.4}% 21
\BOOKMARK [3][-]{subsubsection.4.4.1}{\376\377\000O\000p\000i\000s\000\040\000s\000z\000c\000z\000e\000g\000\363\001\102\000o\000w\000y}{subsection.4.4}% 22
\BOOKMARK [3][-]{subsubsection.4.4.2}{\376\377\000D\000o\000k\000u\000m\000e\000n\000t\000a\000c\000j\000a\000\040\000f\000u\000n\000k\000c\000j\000i\000\040\000s\000k\001\102\000a\000d\000o\000w\000y\000c\000h}{subsection.4.4}% 23
\BOOKMARK [2][-]{subsection.4.5}{\376\377\000D\000o\000k\000u\000m\000e\000n\000t\000a\000c\000j\000a\000\040\000s\000t\000r\000u\000k\000t\000u\000r\000y\000\040\000V\000e\000r\000t\000S\000t\000r\000u\000c\000t}{section.4}% 24
\BOOKMARK [3][-]{subsubsection.4.5.1}{\376\377\000O\000p\000i\000s\000\040\000s\000z\000c\000z\000e\000g\000\363\001\102\000o\000w\000y}{subsection.4.5}% 25
\BOOKMARK [3][-]{subsubsection.4.5.2}{\376\377\000D\000o\000k\000u\000m\000e\000n\000t\000a\000c\000j\000a\000\040\000k\000o\000n\000s\000t\000r\000u\000k\000t\000o\000r\000a\000\040\000i\000\040\000d\000e\000s\000t\000r\000u\000k\000t\000o\000r\000a}{subsection.4.5}% 26
\BOOKMARK [3][-]{subsubsection.4.5.3}{\376\377\000D\000o\000k\000u\000m\000e\000n\000t\000a\000c\000j\000a\000\040\000a\000t\000r\000y\000b\000u\000t\000\363\000w\000\040\000s\000k\001\102\000a\000d\000o\000w\000y\000c\000h}{subsection.4.5}% 27
\BOOKMARK [1][-]{section.5}{\376\377\000D\000o\000k\000u\000m\000e\000n\000t\000a\000c\000j\000a\000\040\000p\000l\000i\000k\000\363\000w}{}% 28
\BOOKMARK [2][-]{subsection.5.1}{\376\377\000D\000o\000k\000u\000m\000e\000n\000t\000a\000c\000j\000a\000\040\000p\000l\000i\000k\000u\000\040\000b\000e\000n\000c\000h\000m\000a\000r\000k\000.\000c\000p\000p}{section.5}% 29
\BOOKMARK [3][-]{subsubsection.5.1.1}{\376\377\000O\000p\000i\000s\000\040\000s\000z\000c\000z\000e\000g\000\363\001\102\000o\000w\000y}{subsection.5.1}% 30
\BOOKMARK [2][-]{subsection.5.2}{\376\377\000D\000o\000k\000u\000m\000e\000n\000t\000a\000c\000j\000a\000\040\000p\000l\000i\000k\000u\000\040\000b\000e\000n\000c\000h\000m\000a\000r\000k\000.\000h\000h}{section.5}% 31
\BOOKMARK [3][-]{subsubsection.5.2.1}{\376\377\000O\000p\000i\000s\000\040\000s\000z\000c\000z\000e\000g\000\363\001\102\000o\000w\000y}{subsection.5.2}% 32
\BOOKMARK [3][-]{subsubsection.5.2.2}{\376\377\000D\000o\000k\000u\000m\000e\000n\000t\000a\000c\000j\000a\000\040\000t\000y\000p\000\363\000w\000\040\000w\000y\000l\000i\000c\000z\000a\000n\000y\000c\000h}{subsection.5.2}% 33
\BOOKMARK [2][-]{subsection.5.3}{\376\377\000D\000o\000k\000u\000m\000e\000n\000t\000a\000c\000j\000a\000\040\000p\000l\000i\000k\000u\000\040\000g\000r\000a\000p\000h\000.\000h\000h}{section.5}% 34
\BOOKMARK [3][-]{subsubsection.5.3.1}{\376\377\000O\000p\000i\000s\000\040\000s\000z\000c\000z\000e\000g\000\363\001\102\000o\000w\000y}{subsection.5.3}% 35
\BOOKMARK [2][-]{subsection.5.4}{\376\377\000D\000o\000k\000u\000m\000e\000n\000t\000a\000c\000j\000a\000\040\000p\000l\000i\000k\000u\000\040\000m\000a\000i\000n\000.\000c\000p\000p}{section.5}% 36
\BOOKMARK [3][-]{subsubsection.5.4.1}{\376\377\000O\000p\000i\000s\000\040\000s\000z\000c\000z\000e\000g\000\363\001\102\000o\000w\000y}{subsection.5.4}% 37
\BOOKMARK [3][-]{subsubsection.5.4.2}{\376\377\000D\000o\000k\000u\000m\000e\000n\000t\000a\000c\000j\000a\000\040\000f\000u\000n\000k\000c\000j\000i}{subsection.5.4}% 38
\BOOKMARK [2][-]{subsection.5.5}{\376\377\000D\000o\000k\000u\000m\000e\000n\000t\000a\000c\000j\000a\000\040\000p\000l\000i\000k\000u\000\040\000m\000a\000i\000n\000p\000a\000g\000e\000.\000d\000o\000x}{section.5}% 39
\BOOKMARK [2][-]{subsection.5.6}{\376\377\000D\000o\000k\000u\000m\000e\000n\000t\000a\000c\000j\000a\000\040\000p\000l\000i\000k\000u\000\040\000s\000e\000a\000r\000c\000h\000.\000c\000p\000p}{section.5}% 40
\BOOKMARK [3][-]{subsubsection.5.6.1}{\376\377\000O\000p\000i\000s\000\040\000s\000z\000c\000z\000e\000g\000\363\001\102\000o\000w\000y}{subsection.5.6}% 41
\BOOKMARK [3][-]{subsubsection.5.6.2}{\376\377\000D\000o\000k\000u\000m\000e\000n\000t\000a\000c\000j\000a\000\040\000f\000u\000n\000k\000c\000j\000i}{subsection.5.6}% 42
\BOOKMARK [2][-]{subsection.5.7}{\376\377\000D\000o\000k\000u\000m\000e\000n\000t\000a\000c\000j\000a\000\040\000p\000l\000i\000k\000u\000\040\000s\000e\000a\000r\000c\000h\000.\000h\000h}{section.5}% 43
\BOOKMARK [3][-]{subsubsection.5.7.1}{\376\377\000O\000p\000i\000s\000\040\000s\000z\000c\000z\000e\000g\000\363\001\102\000o\000w\000y}{subsection.5.7}% 44
\BOOKMARK [3][-]{subsubsection.5.7.2}{\376\377\000D\000o\000k\000u\000m\000e\000n\000t\000a\000c\000j\000a\000\040\000f\000u\000n\000k\000c\000j\000i}{subsection.5.7}% 45
\BOOKMARK [0][-]{section*.22}{\376\377\000I\000n\000d\000e\000k\000s}{}% 46
