\BOOKMARK [1][-]{section.1}{\376\377\000P\000r\000o\000b\000l\000e\000m\000\040\000p\000l\000e\000c\000a\000k\000o\000w\000y}{}% 1
\BOOKMARK [2][-]{subsection.1.1}{\376\377\000O\000p\000i\000s\000\040\000p\000r\000o\000g\000r\000a\000m\000u}{section.1}% 2
\BOOKMARK [2][-]{subsection.1.2}{\376\377\000A\000u\000t\000o\000r}{section.1}% 3
\BOOKMARK [1][-]{section.2}{\376\377\000I\000n\000d\000e\000k\000s\000\040\000h\000i\000e\000r\000a\000r\000c\000h\000i\000c\000z\000n\000y}{}% 4
\BOOKMARK [2][-]{subsection.2.1}{\376\377\000H\000i\000e\000r\000a\000r\000c\000h\000i\000a\000\040\000k\000l\000a\000s}{section.2}% 5
\BOOKMARK [1][-]{section.3}{\376\377\000I\000n\000d\000e\000k\000s\000\040\000k\000l\000a\000s}{}% 6
\BOOKMARK [2][-]{subsection.3.1}{\376\377\000L\000i\000s\000t\000a\000\040\000k\000l\000a\000s}{section.3}% 7
\BOOKMARK [1][-]{section.4}{\376\377\000I\000n\000d\000e\000k\000s\000\040\000p\000l\000i\000k\000\363\000w}{}% 8
\BOOKMARK [2][-]{subsection.4.1}{\376\377\000L\000i\000s\000t\000a\000\040\000p\000l\000i\000k\000\363\000w}{section.4}% 9
\BOOKMARK [1][-]{section.5}{\376\377\000D\000o\000k\000u\000m\000e\000n\000t\000a\000c\000j\000a\000\040\000k\000l\000a\000s}{}% 10
\BOOKMARK [2][-]{subsection.5.1}{\376\377\000D\000o\000k\000u\000m\000e\000n\000t\000a\000c\000j\000a\000\040\000k\000l\000a\000s\000y\000\040\000I\000t\000e\000m}{section.5}% 11
\BOOKMARK [3][-]{subsubsection.5.1.1}{\376\377\000D\000o\000k\000u\000m\000e\000n\000t\000a\000c\000j\000a\000\040\000k\000o\000n\000s\000t\000r\000u\000k\000t\000o\000r\000a\000\040\000i\000\040\000d\000e\000s\000t\000r\000u\000k\000t\000o\000r\000a}{subsection.5.1}% 12
\BOOKMARK [3][-]{subsubsection.5.1.2}{\376\377\000D\000o\000k\000u\000m\000e\000n\000t\000a\000c\000j\000a\000\040\000f\000u\000n\000k\000c\000j\000i\000\040\000s\000k\001\102\000a\000d\000o\000w\000y\000c\000h}{subsection.5.1}% 13
\BOOKMARK [3][-]{subsubsection.5.1.3}{\376\377\000D\000o\000k\000u\000m\000e\000n\000t\000a\000c\000j\000a\000\040\000a\000t\000r\000y\000b\000u\000t\000\363\000w\000\040\000s\000k\001\102\000a\000d\000o\000w\000y\000c\000h}{subsection.5.1}% 14
\BOOKMARK [2][-]{subsection.5.2}{\376\377\000D\000o\000k\000u\000m\000e\000n\000t\000a\000c\000j\000a\000\040\000k\000l\000a\000s\000y\000\040\000I\000t\000e\000m\000l\000i\000s\000t}{section.5}% 15
\BOOKMARK [3][-]{subsubsection.5.2.1}{\376\377\000D\000o\000k\000u\000m\000e\000n\000t\000a\000c\000j\000a\000\040\000f\000u\000n\000k\000c\000j\000i\000\040\000s\000k\001\102\000a\000d\000o\000w\000y\000c\000h}{subsection.5.2}% 16
\BOOKMARK [2][-]{subsection.5.3}{\376\377\000D\000o\000k\000u\000m\000e\000n\000t\000a\000c\000j\000a\000\040\000k\000l\000a\000s\000y\000\040\000S\000u\000i\000t\000c\000a\000s\000e}{section.5}% 17
\BOOKMARK [3][-]{subsubsection.5.3.1}{\376\377\000D\000o\000k\000u\000m\000e\000n\000t\000a\000c\000j\000a\000\040\000k\000o\000n\000s\000t\000r\000u\000k\000t\000o\000r\000a\000\040\000i\000\040\000d\000e\000s\000t\000r\000u\000k\000t\000o\000r\000a}{subsection.5.3}% 18
\BOOKMARK [3][-]{subsubsection.5.3.2}{\376\377\000D\000o\000k\000u\000m\000e\000n\000t\000a\000c\000j\000a\000\040\000f\000u\000n\000k\000c\000j\000i\000\040\000s\000k\001\102\000a\000d\000o\000w\000y\000c\000h}{subsection.5.3}% 19
\BOOKMARK [3][-]{subsubsection.5.3.3}{\376\377\000D\000o\000k\000u\000m\000e\000n\000t\000a\000c\000j\000a\000\040\000a\000t\000r\000y\000b\000u\000t\000\363\000w\000\040\000s\000k\001\102\000a\000d\000o\000w\000y\000c\000h}{subsection.5.3}% 20
\BOOKMARK [1][-]{section.6}{\376\377\000D\000o\000k\000u\000m\000e\000n\000t\000a\000c\000j\000a\000\040\000p\000l\000i\000k\000\363\000w}{}% 21
\BOOKMARK [2][-]{subsection.6.1}{\376\377\000D\000o\000k\000u\000m\000e\000n\000t\000a\000c\000j\000a\000\040\000p\000l\000i\000k\000u\000\040\000i\000t\000e\000m\000.\000c\000p\000p}{section.6}% 22
\BOOKMARK [3][-]{subsubsection.6.1.1}{\376\377\000O\000p\000i\000s\000\040\000s\000z\000c\000z\000e\000g\000\363\001\102\000o\000w\000y}{subsection.6.1}% 23
\BOOKMARK [2][-]{subsection.6.2}{\376\377\000D\000o\000k\000u\000m\000e\000n\000t\000a\000c\000j\000a\000\040\000p\000l\000i\000k\000u\000\040\000i\000t\000e\000m\000.\000h\000h}{section.6}% 24
\BOOKMARK [3][-]{subsubsection.6.2.1}{\376\377\000O\000p\000i\000s\000\040\000s\000z\000c\000z\000e\000g\000\363\001\102\000o\000w\000y}{subsection.6.2}% 25
\BOOKMARK [2][-]{subsection.6.3}{\376\377\000D\000o\000k\000u\000m\000e\000n\000t\000a\000c\000j\000a\000\040\000p\000l\000i\000k\000u\000\040\000i\000t\000e\000m\000l\000i\000s\000t\000.\000c\000p\000p}{section.6}% 26
\BOOKMARK [3][-]{subsubsection.6.3.1}{\376\377\000O\000p\000i\000s\000\040\000s\000z\000c\000z\000e\000g\000\363\001\102\000o\000w\000y}{subsection.6.3}% 27
\BOOKMARK [2][-]{subsection.6.4}{\376\377\000D\000o\000k\000u\000m\000e\000n\000t\000a\000c\000j\000a\000\040\000p\000l\000i\000k\000u\000\040\000i\000t\000e\000m\000l\000i\000s\000t\000.\000h\000h}{section.6}% 28
\BOOKMARK [3][-]{subsubsection.6.4.1}{\376\377\000O\000p\000i\000s\000\040\000s\000z\000c\000z\000e\000g\000\363\001\102\000o\000w\000y}{subsection.6.4}% 29
\BOOKMARK [2][-]{subsection.6.5}{\376\377\000D\000o\000k\000u\000m\000e\000n\000t\000a\000c\000j\000a\000\040\000p\000l\000i\000k\000u\000\040\000m\000a\000i\000n\000.\000c\000p\000p}{section.6}% 30
\BOOKMARK [3][-]{subsubsection.6.5.1}{\376\377\000O\000p\000i\000s\000\040\000s\000z\000c\000z\000e\000g\000\363\001\102\000o\000w\000y}{subsection.6.5}% 31
\BOOKMARK [3][-]{subsubsection.6.5.2}{\376\377\000D\000o\000k\000u\000m\000e\000n\000t\000a\000c\000j\000a\000\040\000f\000u\000n\000k\000c\000j\000i}{subsection.6.5}% 32
\BOOKMARK [2][-]{subsection.6.6}{\376\377\000D\000o\000k\000u\000m\000e\000n\000t\000a\000c\000j\000a\000\040\000p\000l\000i\000k\000u\000\040\000m\000a\000i\000n\000p\000a\000g\000e\000.\000d\000o\000x}{section.6}% 33
\BOOKMARK [2][-]{subsection.6.7}{\376\377\000D\000o\000k\000u\000m\000e\000n\000t\000a\000c\000j\000a\000\040\000p\000l\000i\000k\000u\000\040\000s\000u\000i\000t\000c\000a\000s\000e\000.\000c\000p\000p}{section.6}% 34
\BOOKMARK [3][-]{subsubsection.6.7.1}{\376\377\000O\000p\000i\000s\000\040\000s\000z\000c\000z\000e\000g\000\363\001\102\000o\000w\000y}{subsection.6.7}% 35
\BOOKMARK [3][-]{subsubsection.6.7.2}{\376\377\000D\000o\000k\000u\000m\000e\000n\000t\000a\000c\000j\000a\000\040\000f\000u\000n\000k\000c\000j\000i}{subsection.6.7}% 36
\BOOKMARK [2][-]{subsection.6.8}{\376\377\000D\000o\000k\000u\000m\000e\000n\000t\000a\000c\000j\000a\000\040\000p\000l\000i\000k\000u\000\040\000s\000u\000i\000t\000c\000a\000s\000e\000.\000h\000h}{section.6}% 37
\BOOKMARK [3][-]{subsubsection.6.8.1}{\376\377\000O\000p\000i\000s\000\040\000s\000z\000c\000z\000e\000g\000\363\001\102\000o\000w\000y}{subsection.6.8}% 38
\BOOKMARK [3][-]{subsubsection.6.8.2}{\376\377\000D\000o\000k\000u\000m\000e\000n\000t\000a\000c\000j\000a\000\040\000f\000u\000n\000k\000c\000j\000i}{subsection.6.8}% 39
\BOOKMARK [0][-]{section*.13}{\376\377\000I\000n\000d\000e\000k\000s}{}% 40
